<?xml version="1.0" encoding="UTF-8"?>
<!-- Generated by org.testng.reporters.JUnitXMLReporter -->
<testsuite ignored="0" hostname="LAPTOP-MJEFM3BB" failures="0" tests="54" name="Default test" time="292.987" errors="0" timestamp="2025-04-08T08:22:39 PST">
  <testcase classname="vehuelFinalAct.OrderCompletion" name="verifyFinishButton" time="0.645"/>
  <testcase classname="vehuelFinalAct.OrderCompletion" name="verifyProceedToCheckoutCompletePage" time="0.664"/>
  <testcase classname="vehuelFinalAct.OrderCompletion" name="verifyRequiredDetailsOnCheckoutCompletePage" time="0.673"/>
  <testcase classname="vehuelFinalAct.OrderCompletion" name="verifyBackHomeButton" time="0.696"/>
  <testcase classname="vehuelFinalAct.ProductDetails" name="goToProductDetailsPage" time="0.293"/>
  <testcase classname="vehuelFinalAct.ProductDetails" name="verifyAllRequiredProductDetails" time="0.288"/>
  <testcase classname="vehuelFinalAct.ProductDetails" name="verifyRemoveButtonWhenItemInCart" time="0.301"/>
  <testcase classname="vehuelFinalAct.ProductDetails" name="verifyRemoveButtonFunctionality" time="10.461"/>
  <testcase classname="vehuelFinalAct.ProductDetails" name="verifyAddToCartButtonFunctionality" time="10.352"/>
  <testcase classname="vehuelFinalAct.ProductList" name="AddToCartButton" time="0.633"/>
  <testcase classname="vehuelFinalAct.ProductList" name="ProductListDetailsDisplayed" time="0.338"/>
  <testcase classname="vehuelFinalAct.ProductList" name="SortingByNameAscending" time="0.252"/>
  <testcase classname="vehuelFinalAct.ProductList" name="SortingByNameDescending" time="0.286"/>
  <testcase classname="vehuelFinalAct.ProductList" name="SortingByPriceAscending" time="0.272"/>
  <testcase classname="vehuelFinalAct.ProductList" name="SortingByPriceDescending" time="0.267"/>
  <testcase classname="vehuelFinalAct.ProductList" name="getProducList" time="0.206"/>
  <testcase classname="vehuelFinalAct.ProductList" name="getProductPage" time="0.159"/>
  <testcase classname="vehuelFinalAct.CartPageVerification" name="accessCartPage" time="2.204"/>
  <testcase classname="vehuelFinalAct.CartPageVerification" name="ItemsDetailedDisplayedInCartPage" time="2.307"/>
  <testcase classname="vehuelFinalAct.CartPageVerification" name="verifyContinueShopping" time="2.362"/>
  <testcase classname="vehuelFinalAct.CartPageVerification" name="verifyProductDisplayInCart" time="2.273"/>
  <testcase classname="vehuelFinalAct.CartPageVerification" name="verifyMultipleProductDisplayInCart" time="3.446"/>
  <testcase classname="vehuelFinalAct.CartPageVerification" name="verifyAllProductDetailsDisplayInCart" time="2.304"/>
  <testcase classname="vehuelFinalAct.CartPageVerification" name="removeItemFromCartPage" time="22.477"/>
  <testcase classname="vehuelFinalAct.CartPageVerification" name="removeMultipleItemsFromCartPage" time="50.78"/>
  <testcase classname="vehuelFinalAct.CartPageVerification" name="itemsPersistInCartAfterReLogging" time="0.96"/>
  <testcase classname="vehuelFinalAct.CartIconFunctionality" name="getCartPage" time="2.211"/>
  <testcase classname="vehuelFinalAct.CartIconFunctionality" name="CartCountUpdatesForSingleItem" time="2.304"/>
  <testcase classname="vehuelFinalAct.CartIconFunctionality" name="CartCountUpdatesForMultipleItems" time="3.298"/>
  <testcase classname="vehuelFinalAct.CartIconFunctionality" name="HamburgerMenuDisplays" time="2.803"/>
  <testcase classname="vehuelFinalAct.CartIconFunctionality" name="SidebarOpenAndCloses" time="5.852"/>
  <testcase classname="vehuelFinalAct.CheckoutProcess" name="verifyCheckoutInformationPage" time="2.341"/>
  <testcase classname="vehuelFinalAct.CheckoutProcess" name="verifyCheckoutInformation" time="2.433"/>
  <testcase classname="vehuelFinalAct.CheckoutProcess" name="verifyCancelButtonClicked" time="0.361"/>
  <testcase classname="vehuelFinalAct.CheckoutProcess" name="verifyCheckoutWithBlankFields" time="0.369"/>
  <testcase classname="vehuelFinalAct.CheckoutProcess" name="missingUsername" time="0.552"/>
  <testcase classname="vehuelFinalAct.CheckoutProcess" name="missingPassword" time="0.477"/>
  <testcase classname="vehuelFinalAct.CheckoutProcess" name="missingZipCode" time="0.495"/>
  <testcase classname="vehuelFinalAct.CheckoutProcess" name="onlyUsernameFilled" time="0.452"/>
  <testcase classname="vehuelFinalAct.CheckoutProcess" name="onlyPasswordFilled" time="0.465"/>
  <testcase classname="vehuelFinalAct.CheckoutProcess" name="onlyZipCodeFilled" time="0.492"/>
  <testcase classname="vehuelFinalAct.CheckoutProcess" name="allFieldsFilled" time="0.521"/>
  <testcase classname="vehuelFinalAct.CheckoutOverview" name="accessOverviewPage" time="0.557"/>
  <testcase classname="vehuelFinalAct.CheckoutOverview" name="verifyCheckoutOverviewDetails" time="0.583"/>
  <testcase classname="vehuelFinalAct.CheckoutOverview" name="verifyCancelButtonRedirectsToProductListing" time="0.611"/>
  <testcase classname="vehuelFinalAct.CheckoutOverview" name="ItemsDetailedDisplayedInCartPage" time="2.546"/>
  <testcase classname="vehuelFinalAct.CheckoutOverview" name="verifyTotalPriceCalculation" time="0.588"/>
  <testcase classname="vehuelFinalAct.LoginPage" name="displayedLogin" time="0.019"/>
  <testcase classname="vehuelFinalAct.LoginPage" name="incorrectPassword" time="0.146"/>
  <testcase classname="vehuelFinalAct.LoginPage" name="incorrectUsername" time="0.146"/>
  <testcase classname="vehuelFinalAct.LoginPage" name="lockedAccount" time="0.184"/>
  <testcase classname="vehuelFinalAct.LoginPage" name="missingPassword" time="0.156"/>
  <testcase classname="vehuelFinalAct.LoginPage" name="missingUsername" time="0.136"/>
  <testcase classname="vehuelFinalAct.LoginPage" name="successLogin" time="0.179"/>
</testsuite> <!-- Default test -->
