<?xml version="1.0" encoding="UTF-8"?>
<!-- Generated by org.testng.reporters.JUnitReportReporter -->
<testsuite hostname="LAPTOP-MJEFM3BB" failures="0" tests="1" name="cucumber.TestNGTestRunner" time="0.076" errors="1" timestamp="2025-03-24T12:45:23 PST" skipped="0">
  <testcase classname="cucumber.TestNGTestRunner" name="runScenario" time="0.076">
    <error message="Cannot invoke &quot;org.openqa.selenium.WebDriver.manage()&quot; because &quot;vehuelstratpoint.TestComponents.BaseTest.driver&quot; is null" type="java.lang.NullPointerException">
      <![CDATA[java.lang.NullPointerException: Cannot invoke "org.openqa.selenium.WebDriver.manage()" because "vehuelstratpoint.TestComponents.BaseTest.driver" is null
at vehuelstratpoint.TestComponents.BaseTest.initializeDriver(BaseTest.java:57)
at vehuelstratpoint.TestComponents.BaseTest.launchApplication(BaseTest.java:81)
at vehuelstratpoint.stepDefinitions.StepDefinitionImpl.I_landed_on_Ecommerce_Page(StepDefinitionImpl.java:28)
at ✽.I landed on Ecommerce Page(file:///C:/Users/Vehuel/OneDrive/Documents/Eclipse%20Workspace/SeleniumFrameworkDesign/src/test/java/cucumber/SubmitOrder.feature:7)
]]>
    </error>
  </testcase> <!-- runScenario -->
</testsuite> <!-- cucumber.TestNGTestRunner -->
