<?xml version="1.0" encoding="UTF-8"?>
<!-- Generated by org.testng.reporters.JUnitXMLReporter -->
<testsuite ignored="1" hostname="LAPTOP-MJEFM3BB" failures="1" tests="1" name="Submit Order Test" time="0.092" errors="0" timestamp="2025-03-20T15:32:04 PST">
  <testcase classname="vehuelstratpoint.SubmitOrderTest" name="submitOrder" time="0.0">
    <failure type="java.lang.RuntimeException" message="java.nio.file.NoSuchFileException: C:\Users\Vehuel\OneDrive\Documents\Eclipse Workspace\SeleniumFrameworkDesignsrc\test\java\vehuelstratpoint\data\PurchaseOrder.json">
      <![CDATA[java.lang.RuntimeException: java.nio.file.NoSuchFileException: C:\Users\Vehuel\OneDrive\Documents\Eclipse Workspace\SeleniumFrameworkDesignsrc\test\java\vehuelstratpoint\data\PurchaseOrder.json
at java.base/java.util.ArrayList.forEach(ArrayList.java:1597)
at java.base/java.util.concurrent.FutureTask.run(FutureTask.java:317)
at java.base/java.util.concurrent.ThreadPoolExecutor.runWorker(ThreadPoolExecutor.java:1144)
at java.base/java.util.concurrent.ThreadPoolExecutor$Worker.run(ThreadPoolExecutor.java:642)
at java.base/java.lang.Thread.run(Thread.java:1570)
Caused by: java.nio.file.NoSuchFileException: C:\Users\Vehuel\OneDrive\Documents\Eclipse Workspace\SeleniumFrameworkDesignsrc\test\java\vehuelstratpoint\data\PurchaseOrder.json
at java.base/sun.nio.fs.WindowsException.translateToIOException(WindowsException.java:85)
at java.base/sun.nio.fs.WindowsException.rethrowAsIOException(WindowsException.java:103)
at java.base/sun.nio.fs.WindowsException.rethrowAsIOException(WindowsException.java:108)
at java.base/sun.nio.fs.WindowsFileSystemProvider.newByteChannel(WindowsFileSystemProvider.java:234)
at java.base/java.nio.file.Files.newByteChannel(Files.java:379)
at java.base/java.nio.file.Files.newByteChannel(Files.java:431)
at java.base/java.nio.file.spi.FileSystemProvider.newInputStream(FileSystemProvider.java:420)
at java.base/java.nio.file.Files.newInputStream(Files.java:159)
at org.apache.commons.io.FileUtils.lambda$readFileToString$12(FileUtils.java:2686)
at org.apache.commons.io.IOUtils.toString(IOUtils.java:3221)
at org.apache.commons.io.IOUtils.toString(IOUtils.java:3196)
at org.apache.commons.io.FileUtils.readFileToString(FileUtils.java:2686)
at vehuelstratpoint.TestComponents.BaseTest.getJsonDataToMap(BaseTest.java:56)
at vehuelstratpoint.SubmitOrderTest.getData(SubmitOrderTest.java:92)
... 19 more
... Removed 20 stack frames]]>
    </failure>
  </testcase> <!-- submitOrder -->
  <testcase classname="vehuelstratpoint.SubmitOrderTest" name="OrderHistoryTest" time="0.0">
    <ignored/>
  </testcase> <!-- OrderHistoryTest -->
</testsuite> <!-- Submit Order Test -->
